

***********************************************************************
Fatal NI connect error 12514, connecting to:
 (DESCRIPTION=(ADDRESS=(PROTOCOL=TCP)(HOST=10.142.50.125)(PORT=1521))(CONNECT_DATA=(SERVICE_NAME=yrvm)(CID=(PROGRAM=D:\GGG\ClientFINAL2net\bin\LAUMp4Test.exe)(HOST=XDN-6B49E739FD6)(USER=wyx))))

  VERSION INFORMATION:
	TNS for 32-bit Windows: Version 10.2.0.1.0 - Production
	Windows NT TCP/IP NT Protocol Adapter for 32-bit Windows: Version 10.2.0.1.0 - Production
  Time: 24-12月-2012 15:47:24
  Tracing not turned on.
  Tns error struct:
    ns main err code: 12564
    TNS-12564: TNS: 拒绝连接
    ns secondary err code: 0
    nt main err code: 0
    nt secondary err code: 0
    nt OS err code: 0


***********************************************************************
Fatal NI connect error 12528, connecting to:
 (DESCRIPTION=(ADDRESS=(PROTOCOL=TCP)(HOST=10.142.50.125)(PORT=1521))(CONNECT_DATA=(SERVICE_NAME=yrvm)(CID=(PROGRAM=D:\GGG\ClientFINAL2net\bin\LAUMp4Test.exe)(HOST=XDN-6B49E739FD6)(USER=wyx))))

  VERSION INFORMATION:
	TNS for 32-bit Windows: Version 10.2.0.1.0 - Production
	Windows NT TCP/IP NT Protocol Adapter for 32-bit Windows: Version 10.2.0.1.0 - Production
  Time: 24-12月-2012 15:47:25
  Tracing not turned on.
  Tns error struct:
    ns main err code: 12564
    TNS-12564: TNS: 拒绝连接
    ns secondary err code: 0
    nt main err code: 0
    nt secondary err code: 0
    nt OS err code: 0


***********************************************************************
Fatal NI connect error 12528, connecting to:
 (DESCRIPTION=(ADDRESS=(PROTOCOL=TCP)(HOST=10.142.50.125)(PORT=1521))(CONNECT_DATA=(SERVICE_NAME=yrvm)(CID=(PROGRAM=D:\GGG\ClientFINAL2net\bin\LAUMp4Test.exe)(HOST=XDN-6B49E739FD6)(USER=wyx))))

  VERSION INFORMATION:
	TNS for 32-bit Windows: Version 10.2.0.1.0 - Production
	Windows NT TCP/IP NT Protocol Adapter for 32-bit Windows: Version 10.2.0.1.0 - Production
  Time: 24-12月-2012 15:47:30
  Tracing not turned on.
  Tns error struct:
    ns main err code: 12564
    TNS-12564: TNS: 拒绝连接
    ns secondary err code: 0
    nt main err code: 0
    nt secondary err code: 0
    nt OS err code: 0
